2019-12-09 00:07:28,226 INFO org.springframework.boot.StartupInfoLogger [main] Starting RetailerApplication on bzimba004.local with PID 33066 (started by Manjunath in /Users/Manjunath/Demo Pgms/retailer)
2019-12-09 00:07:28,242 DEBUG org.springframework.boot.StartupInfoLogger [main] Running with Spring Boot v2.2.2.RELEASE, Spring v5.2.2.RELEASE
2019-12-09 00:07:28,246 INFO org.springframework.boot.SpringApplication [main] No active profile set, falling back to default profiles: default
2019-12-09 00:07:37,359 INFO org.springframework.boot.StartupInfoLogger [main] Started RetailerApplication in 11.43 seconds (JVM running for 12.266)
2019-12-09 00:07:37,364 DEBUG com.retailer.RetailerApplication [main] <--RetailerApplication Application Started-->
2019-12-09 00:32:05,869 INFO org.springframework.boot.StartupInfoLogger [main] Starting RetailerApplicationTests on bzimba004.local with PID 36147 (started by Manjunath in /Users/Manjunath/Demo Pgms/retailer)
2019-12-09 00:32:05,873 DEBUG org.springframework.boot.StartupInfoLogger [main] Running with Spring Boot v2.2.2.RELEASE, Spring v5.2.2.RELEASE
2019-12-09 00:32:05,875 INFO org.springframework.boot.SpringApplication [main] No active profile set, falling back to default profiles: default
2019-12-09 00:32:13,353 INFO org.springframework.boot.StartupInfoLogger [main] Started RetailerApplicationTests in 8.334 seconds (JVM running for 11.188)
2019-12-09 00:32:14,822 ERROR org.apache.juli.logging.DirectJDKLog [http-nio-auto-1-exec-1] Servlet.service() for servlet [dispatcherServlet] in context with path [/retailer] threw exception [Request processing failed; nested exception is org.springframework.jdbc.BadSqlGrammarException: StatementCallback; bad SQL grammar [SELECT discount FROM DiscountMaster WHERE 5000.0 > slabmin ORDER BY slabmin;]; nested exception is org.h2.jdbc.JdbcSQLSyntaxErrorException: Column "id" not found [42122-200]] with root cause
org.h2.jdbc.JdbcSQLSyntaxErrorException: Column "id" not found [42122-200]
	at org.h2.message.DbException.getJdbcSQLException(DbException.java:453)
	at org.h2.message.DbException.getJdbcSQLException(DbException.java:429)
	at org.h2.message.DbException.get(DbException.java:205)
	at org.h2.message.DbException.get(DbException.java:181)
	at org.h2.jdbc.JdbcResultSet.getColumnIndex(JdbcResultSet.java:3195)
	at org.h2.jdbc.JdbcResultSet.get(JdbcResultSet.java:3268)
	at org.h2.jdbc.JdbcResultSet.getInt(JdbcResultSet.java:352)
	at com.zaxxer.hikari.pool.HikariProxyResultSet.getInt(HikariProxyResultSet.java)
	at com.retailer.dao.impl.DiscountDAOImpl.lambda$1(DiscountDAOImpl.java:42)
	at org.springframework.jdbc.core.RowMapperResultSetExtractor.extractData(RowMapperResultSetExtractor.java:94)
	at org.springframework.jdbc.core.RowMapperResultSetExtractor.extractData(RowMapperResultSetExtractor.java:61)
	at org.springframework.jdbc.core.JdbcTemplate$1QueryStatementCallback.doInStatement(JdbcTemplate.java:440)
	at org.springframework.jdbc.core.JdbcTemplate.execute(JdbcTemplate.java:376)
	at org.springframework.jdbc.core.JdbcTemplate.query(JdbcTemplate.java:452)
	at org.springframework.jdbc.core.JdbcTemplate.query(JdbcTemplate.java:462)
	at com.retailer.dao.impl.DiscountDAOImpl.getApplicableDiscounts(DiscountDAOImpl.java:39)
	at com.retailer.dao.impl.DiscountDAOImpl$$FastClassBySpringCGLIB$$66bbdf50.invoke(<generated>)
	at org.springframework.cglib.proxy.MethodProxy.invoke(MethodProxy.java:218)
	at org.springframework.aop.framework.CglibAopProxy$CglibMethodInvocation.invokeJoinpoint(CglibAopProxy.java:769)
	at org.springframework.aop.framework.ReflectiveMethodInvocation.proceed(ReflectiveMethodInvocation.java:163)
	at org.springframework.aop.framework.CglibAopProxy$CglibMethodInvocation.proceed(CglibAopProxy.java:747)
	at org.springframework.dao.support.PersistenceExceptionTranslationInterceptor.invoke(PersistenceExceptionTranslationInterceptor.java:139)
	at org.springframework.aop.framework.ReflectiveMethodInvocation.proceed(ReflectiveMethodInvocation.java:186)
	at org.springframework.aop.framework.CglibAopProxy$CglibMethodInvocation.proceed(CglibAopProxy.java:747)
	at org.springframework.aop.framework.CglibAopProxy$DynamicAdvisedInterceptor.intercept(CglibAopProxy.java:689)
	at com.retailer.dao.impl.DiscountDAOImpl$$EnhancerBySpringCGLIB$$3aff1b59.getApplicableDiscounts(<generated>)
	at com.retailer.bo.impl.RetailerBOImpl.calculateTotal(RetailerBOImpl.java:24)
	at com.retailer.controller.BillResource.getTotal(BillResource.java:46)
	at sun.reflect.NativeMethodAccessorImpl.invoke0(Native Method)
	at sun.reflect.NativeMethodAccessorImpl.invoke(NativeMethodAccessorImpl.java:62)
	at sun.reflect.DelegatingMethodAccessorImpl.invoke(DelegatingMethodAccessorImpl.java:43)
	at java.lang.reflect.Method.invoke(Method.java:498)
	at org.springframework.web.method.support.InvocableHandlerMethod.doInvoke(InvocableHandlerMethod.java:190)
	at org.springframework.web.method.support.InvocableHandlerMethod.invokeForRequest(InvocableHandlerMethod.java:138)
	at org.springframework.web.servlet.mvc.method.annotation.ServletInvocableHandlerMethod.invokeAndHandle(ServletInvocableHandlerMethod.java:106)
	at org.springframework.web.servlet.mvc.method.annotation.RequestMappingHandlerAdapter.invokeHandlerMethod(RequestMappingHandlerAdapter.java:888)
	at org.springframework.web.servlet.mvc.method.annotation.RequestMappingHandlerAdapter.handleInternal(RequestMappingHandlerAdapter.java:793)
	at org.springframework.web.servlet.mvc.method.AbstractHandlerMethodAdapter.handle(AbstractHandlerMethodAdapter.java:87)
	at org.springframework.web.servlet.DispatcherServlet.doDispatch(DispatcherServlet.java:1040)
	at org.springframework.web.servlet.DispatcherServlet.doService(DispatcherServlet.java:943)
	at org.springframework.web.servlet.FrameworkServlet.processRequest(FrameworkServlet.java:1006)
	at org.springframework.web.servlet.FrameworkServlet.doGet(FrameworkServlet.java:898)
	at javax.servlet.http.HttpServlet.service(HttpServlet.java:634)
	at org.springframework.web.servlet.FrameworkServlet.service(FrameworkServlet.java:883)
	at javax.servlet.http.HttpServlet.service(HttpServlet.java:741)
	at org.apache.catalina.core.ApplicationFilterChain.internalDoFilter(ApplicationFilterChain.java:231)
	at org.apache.catalina.core.ApplicationFilterChain.doFilter(ApplicationFilterChain.java:166)
	at org.apache.tomcat.websocket.server.WsFilter.doFilter(WsFilter.java:53)
	at org.apache.catalina.core.ApplicationFilterChain.internalDoFilter(ApplicationFilterChain.java:193)
	at org.apache.catalina.core.ApplicationFilterChain.doFilter(ApplicationFilterChain.java:166)
	at org.springframework.web.filter.CharacterEncodingFilter.doFilterInternal(CharacterEncodingFilter.java:201)
	at org.springframework.web.filter.OncePerRequestFilter.doFilter(OncePerRequestFilter.java:119)
	at org.apache.catalina.core.ApplicationFilterChain.internalDoFilter(ApplicationFilterChain.java:193)
	at org.apache.catalina.core.ApplicationFilterChain.doFilter(ApplicationFilterChain.java:166)
	at org.apache.catalina.core.StandardWrapperValve.invoke(StandardWrapperValve.java:202)
	at org.apache.catalina.core.StandardContextValve.invoke(StandardContextValve.java:96)
	at org.apache.catalina.authenticator.AuthenticatorBase.invoke(AuthenticatorBase.java:526)
	at org.apache.catalina.core.StandardHostValve.invoke(StandardHostValve.java:139)
	at org.apache.catalina.valves.ErrorReportValve.invoke(ErrorReportValve.java:92)
	at org.apache.catalina.core.StandardEngineValve.invoke(StandardEngineValve.java:74)
	at org.apache.catalina.connector.CoyoteAdapter.service(CoyoteAdapter.java:343)
	at org.apache.coyote.http11.Http11Processor.service(Http11Processor.java:367)
	at org.apache.coyote.AbstractProcessorLight.process(AbstractProcessorLight.java:65)
	at org.apache.coyote.AbstractProtocol$ConnectionHandler.process(AbstractProtocol.java:860)
	at org.apache.tomcat.util.net.NioEndpoint$SocketProcessor.doRun(NioEndpoint.java:1591)
	at org.apache.tomcat.util.net.SocketProcessorBase.run(SocketProcessorBase.java:49)
	at java.util.concurrent.ThreadPoolExecutor.runWorker(ThreadPoolExecutor.java:1149)
	at java.util.concurrent.ThreadPoolExecutor$Worker.run(ThreadPoolExecutor.java:624)
	at org.apache.tomcat.util.threads.TaskThread$WrappingRunnable.run(TaskThread.java:61)
	at java.lang.Thread.run(Thread.java:748)
2019-12-09 00:32:15,060 ERROR org.apache.juli.logging.DirectJDKLog [http-nio-auto-1-exec-2] Servlet.service() for servlet [dispatcherServlet] in context with path [/retailer] threw exception [Request processing failed; nested exception is org.springframework.jdbc.BadSqlGrammarException: StatementCallback; bad SQL grammar [SELECT discount FROM DiscountMaster WHERE 10000.0 > slabmin ORDER BY slabmin;]; nested exception is org.h2.jdbc.JdbcSQLSyntaxErrorException: Column "id" not found [42122-200]] with root cause
org.h2.jdbc.JdbcSQLSyntaxErrorException: Column "id" not found [42122-200]
	at org.h2.message.DbException.getJdbcSQLException(DbException.java:453)
	at org.h2.message.DbException.getJdbcSQLException(DbException.java:429)
	at org.h2.message.DbException.get(DbException.java:205)
	at org.h2.message.DbException.get(DbException.java:181)
	at org.h2.jdbc.JdbcResultSet.getColumnIndex(JdbcResultSet.java:3195)
	at org.h2.jdbc.JdbcResultSet.get(JdbcResultSet.java:3268)
	at org.h2.jdbc.JdbcResultSet.getInt(JdbcResultSet.java:352)
	at com.zaxxer.hikari.pool.HikariProxyResultSet.getInt(HikariProxyResultSet.java)
	at com.retailer.dao.impl.DiscountDAOImpl.lambda$1(DiscountDAOImpl.java:42)
	at org.springframework.jdbc.core.RowMapperResultSetExtractor.extractData(RowMapperResultSetExtractor.java:94)
	at org.springframework.jdbc.core.RowMapperResultSetExtractor.extractData(RowMapperResultSetExtractor.java:61)
	at org.springframework.jdbc.core.JdbcTemplate$1QueryStatementCallback.doInStatement(JdbcTemplate.java:440)
	at org.springframework.jdbc.core.JdbcTemplate.execute(JdbcTemplate.java:376)
	at org.springframework.jdbc.core.JdbcTemplate.query(JdbcTemplate.java:452)
	at org.springframework.jdbc.core.JdbcTemplate.query(JdbcTemplate.java:462)
	at com.retailer.dao.impl.DiscountDAOImpl.getApplicableDiscounts(DiscountDAOImpl.java:39)
	at com.retailer.dao.impl.DiscountDAOImpl$$FastClassBySpringCGLIB$$66bbdf50.invoke(<generated>)
	at org.springframework.cglib.proxy.MethodProxy.invoke(MethodProxy.java:218)
	at org.springframework.aop.framework.CglibAopProxy$CglibMethodInvocation.invokeJoinpoint(CglibAopProxy.java:769)
	at org.springframework.aop.framework.ReflectiveMethodInvocation.proceed(ReflectiveMethodInvocation.java:163)
	at org.springframework.aop.framework.CglibAopProxy$CglibMethodInvocation.proceed(CglibAopProxy.java:747)
	at org.springframework.dao.support.PersistenceExceptionTranslationInterceptor.invoke(PersistenceExceptionTranslationInterceptor.java:139)
	at org.springframework.aop.framework.ReflectiveMethodInvocation.proceed(ReflectiveMethodInvocation.java:186)
	at org.springframework.aop.framework.CglibAopProxy$CglibMethodInvocation.proceed(CglibAopProxy.java:747)
	at org.springframework.aop.framework.CglibAopProxy$DynamicAdvisedInterceptor.intercept(CglibAopProxy.java:689)
	at com.retailer.dao.impl.DiscountDAOImpl$$EnhancerBySpringCGLIB$$3aff1b59.getApplicableDiscounts(<generated>)
	at com.retailer.bo.impl.RetailerBOImpl.calculateTotal(RetailerBOImpl.java:24)
	at com.retailer.controller.BillResource.getTotal(BillResource.java:46)
	at sun.reflect.NativeMethodAccessorImpl.invoke0(Native Method)
	at sun.reflect.NativeMethodAccessorImpl.invoke(NativeMethodAccessorImpl.java:62)
	at sun.reflect.DelegatingMethodAccessorImpl.invoke(DelegatingMethodAccessorImpl.java:43)
	at java.lang.reflect.Method.invoke(Method.java:498)
	at org.springframework.web.method.support.InvocableHandlerMethod.doInvoke(InvocableHandlerMethod.java:190)
	at org.springframework.web.method.support.InvocableHandlerMethod.invokeForRequest(InvocableHandlerMethod.java:138)
	at org.springframework.web.servlet.mvc.method.annotation.ServletInvocableHandlerMethod.invokeAndHandle(ServletInvocableHandlerMethod.java:106)
	at org.springframework.web.servlet.mvc.method.annotation.RequestMappingHandlerAdapter.invokeHandlerMethod(RequestMappingHandlerAdapter.java:888)
	at org.springframework.web.servlet.mvc.method.annotation.RequestMappingHandlerAdapter.handleInternal(RequestMappingHandlerAdapter.java:793)
	at org.springframework.web.servlet.mvc.method.AbstractHandlerMethodAdapter.handle(AbstractHandlerMethodAdapter.java:87)
	at org.springframework.web.servlet.DispatcherServlet.doDispatch(DispatcherServlet.java:1040)
	at org.springframework.web.servlet.DispatcherServlet.doService(DispatcherServlet.java:943)
	at org.springframework.web.servlet.FrameworkServlet.processRequest(FrameworkServlet.java:1006)
	at org.springframework.web.servlet.FrameworkServlet.doGet(FrameworkServlet.java:898)
	at javax.servlet.http.HttpServlet.service(HttpServlet.java:634)
	at org.springframework.web.servlet.FrameworkServlet.service(FrameworkServlet.java:883)
	at javax.servlet.http.HttpServlet.service(HttpServlet.java:741)
	at org.apache.catalina.core.ApplicationFilterChain.internalDoFilter(ApplicationFilterChain.java:231)
	at org.apache.catalina.core.ApplicationFilterChain.doFilter(ApplicationFilterChain.java:166)
	at org.apache.tomcat.websocket.server.WsFilter.doFilter(WsFilter.java:53)
	at org.apache.catalina.core.ApplicationFilterChain.internalDoFilter(ApplicationFilterChain.java:193)
	at org.apache.catalina.core.ApplicationFilterChain.doFilter(ApplicationFilterChain.java:166)
	at org.springframework.web.filter.CharacterEncodingFilter.doFilterInternal(CharacterEncodingFilter.java:201)
	at org.springframework.web.filter.OncePerRequestFilter.doFilter(OncePerRequestFilter.java:119)
	at org.apache.catalina.core.ApplicationFilterChain.internalDoFilter(ApplicationFilterChain.java:193)
	at org.apache.catalina.core.ApplicationFilterChain.doFilter(ApplicationFilterChain.java:166)
	at org.apache.catalina.core.StandardWrapperValve.invoke(StandardWrapperValve.java:202)
	at org.apache.catalina.core.StandardContextValve.invoke(StandardContextValve.java:96)
	at org.apache.catalina.authenticator.AuthenticatorBase.invoke(AuthenticatorBase.java:526)
	at org.apache.catalina.core.StandardHostValve.invoke(StandardHostValve.java:139)
	at org.apache.catalina.valves.ErrorReportValve.invoke(ErrorReportValve.java:92)
	at org.apache.catalina.core.StandardEngineValve.invoke(StandardEngineValve.java:74)
	at org.apache.catalina.connector.CoyoteAdapter.service(CoyoteAdapter.java:343)
	at org.apache.coyote.http11.Http11Processor.service(Http11Processor.java:367)
	at org.apache.coyote.AbstractProcessorLight.process(AbstractProcessorLight.java:65)
	at org.apache.coyote.AbstractProtocol$ConnectionHandler.process(AbstractProtocol.java:860)
	at org.apache.tomcat.util.net.NioEndpoint$SocketProcessor.doRun(NioEndpoint.java:1591)
	at org.apache.tomcat.util.net.SocketProcessorBase.run(SocketProcessorBase.java:49)
	at java.util.concurrent.ThreadPoolExecutor.runWorker(ThreadPoolExecutor.java:1149)
	at java.util.concurrent.ThreadPoolExecutor$Worker.run(ThreadPoolExecutor.java:624)
	at org.apache.tomcat.util.threads.TaskThread$WrappingRunnable.run(TaskThread.java:61)
	at java.lang.Thread.run(Thread.java:748)
2019-12-09 00:32:15,080 ERROR org.apache.juli.logging.DirectJDKLog [http-nio-auto-1-exec-3] Servlet.service() for servlet [dispatcherServlet] in context with path [/retailer] threw exception [Request processing failed; nested exception is org.springframework.jdbc.BadSqlGrammarException: StatementCallback; bad SQL grammar [SELECT discount FROM DiscountMaster WHERE 15000.0 > slabmin ORDER BY slabmin;]; nested exception is org.h2.jdbc.JdbcSQLSyntaxErrorException: Column "id" not found [42122-200]] with root cause
org.h2.jdbc.JdbcSQLSyntaxErrorException: Column "id" not found [42122-200]
	at org.h2.message.DbException.getJdbcSQLException(DbException.java:453)
	at org.h2.message.DbException.getJdbcSQLException(DbException.java:429)
	at org.h2.message.DbException.get(DbException.java:205)
	at org.h2.message.DbException.get(DbException.java:181)
	at org.h2.jdbc.JdbcResultSet.getColumnIndex(JdbcResultSet.java:3195)
	at org.h2.jdbc.JdbcResultSet.get(JdbcResultSet.java:3268)
	at org.h2.jdbc.JdbcResultSet.getInt(JdbcResultSet.java:352)
	at com.zaxxer.hikari.pool.HikariProxyResultSet.getInt(HikariProxyResultSet.java)
	at com.retailer.dao.impl.DiscountDAOImpl.lambda$1(DiscountDAOImpl.java:42)
	at org.springframework.jdbc.core.RowMapperResultSetExtractor.extractData(RowMapperResultSetExtractor.java:94)
	at org.springframework.jdbc.core.RowMapperResultSetExtractor.extractData(RowMapperResultSetExtractor.java:61)
	at org.springframework.jdbc.core.JdbcTemplate$1QueryStatementCallback.doInStatement(JdbcTemplate.java:440)
	at org.springframework.jdbc.core.JdbcTemplate.execute(JdbcTemplate.java:376)
	at org.springframework.jdbc.core.JdbcTemplate.query(JdbcTemplate.java:452)
	at org.springframework.jdbc.core.JdbcTemplate.query(JdbcTemplate.java:462)
	at com.retailer.dao.impl.DiscountDAOImpl.getApplicableDiscounts(DiscountDAOImpl.java:39)
	at com.retailer.dao.impl.DiscountDAOImpl$$FastClassBySpringCGLIB$$66bbdf50.invoke(<generated>)
	at org.springframework.cglib.proxy.MethodProxy.invoke(MethodProxy.java:218)
	at org.springframework.aop.framework.CglibAopProxy$CglibMethodInvocation.invokeJoinpoint(CglibAopProxy.java:769)
	at org.springframework.aop.framework.ReflectiveMethodInvocation.proceed(ReflectiveMethodInvocation.java:163)
	at org.springframework.aop.framework.CglibAopProxy$CglibMethodInvocation.proceed(CglibAopProxy.java:747)
	at org.springframework.dao.support.PersistenceExceptionTranslationInterceptor.invoke(PersistenceExceptionTranslationInterceptor.java:139)
	at org.springframework.aop.framework.ReflectiveMethodInvocation.proceed(ReflectiveMethodInvocation.java:186)
	at org.springframework.aop.framework.CglibAopProxy$CglibMethodInvocation.proceed(CglibAopProxy.java:747)
	at org.springframework.aop.framework.CglibAopProxy$DynamicAdvisedInterceptor.intercept(CglibAopProxy.java:689)
	at com.retailer.dao.impl.DiscountDAOImpl$$EnhancerBySpringCGLIB$$3aff1b59.getApplicableDiscounts(<generated>)
	at com.retailer.bo.impl.RetailerBOImpl.calculateTotal(RetailerBOImpl.java:24)
	at com.retailer.controller.BillResource.getTotal(BillResource.java:46)
	at sun.reflect.NativeMethodAccessorImpl.invoke0(Native Method)
	at sun.reflect.NativeMethodAccessorImpl.invoke(NativeMethodAccessorImpl.java:62)
	at sun.reflect.DelegatingMethodAccessorImpl.invoke(DelegatingMethodAccessorImpl.java:43)
	at java.lang.reflect.Method.invoke(Method.java:498)
	at org.springframework.web.method.support.InvocableHandlerMethod.doInvoke(InvocableHandlerMethod.java:190)
	at org.springframework.web.method.support.InvocableHandlerMethod.invokeForRequest(InvocableHandlerMethod.java:138)
	at org.springframework.web.servlet.mvc.method.annotation.ServletInvocableHandlerMethod.invokeAndHandle(ServletInvocableHandlerMethod.java:106)
	at org.springframework.web.servlet.mvc.method.annotation.RequestMappingHandlerAdapter.invokeHandlerMethod(RequestMappingHandlerAdapter.java:888)
	at org.springframework.web.servlet.mvc.method.annotation.RequestMappingHandlerAdapter.handleInternal(RequestMappingHandlerAdapter.java:793)
	at org.springframework.web.servlet.mvc.method.AbstractHandlerMethodAdapter.handle(AbstractHandlerMethodAdapter.java:87)
	at org.springframework.web.servlet.DispatcherServlet.doDispatch(DispatcherServlet.java:1040)
	at org.springframework.web.servlet.DispatcherServlet.doService(DispatcherServlet.java:943)
	at org.springframework.web.servlet.FrameworkServlet.processRequest(FrameworkServlet.java:1006)
	at org.springframework.web.servlet.FrameworkServlet.doGet(FrameworkServlet.java:898)
	at javax.servlet.http.HttpServlet.service(HttpServlet.java:634)
	at org.springframework.web.servlet.FrameworkServlet.service(FrameworkServlet.java:883)
	at javax.servlet.http.HttpServlet.service(HttpServlet.java:741)
	at org.apache.catalina.core.ApplicationFilterChain.internalDoFilter(ApplicationFilterChain.java:231)
	at org.apache.catalina.core.ApplicationFilterChain.doFilter(ApplicationFilterChain.java:166)
	at org.apache.tomcat.websocket.server.WsFilter.doFilter(WsFilter.java:53)
	at org.apache.catalina.core.ApplicationFilterChain.internalDoFilter(ApplicationFilterChain.java:193)
	at org.apache.catalina.core.ApplicationFilterChain.doFilter(ApplicationFilterChain.java:166)
	at org.springframework.web.filter.CharacterEncodingFilter.doFilterInternal(CharacterEncodingFilter.java:201)
	at org.springframework.web.filter.OncePerRequestFilter.doFilter(OncePerRequestFilter.java:119)
	at org.apache.catalina.core.ApplicationFilterChain.internalDoFilter(ApplicationFilterChain.java:193)
	at org.apache.catalina.core.ApplicationFilterChain.doFilter(ApplicationFilterChain.java:166)
	at org.apache.catalina.core.StandardWrapperValve.invoke(StandardWrapperValve.java:202)
	at org.apache.catalina.core.StandardContextValve.invoke(StandardContextValve.java:96)
	at org.apache.catalina.authenticator.AuthenticatorBase.invoke(AuthenticatorBase.java:526)
	at org.apache.catalina.core.StandardHostValve.invoke(StandardHostValve.java:139)
	at org.apache.catalina.valves.ErrorReportValve.invoke(ErrorReportValve.java:92)
	at org.apache.catalina.core.StandardEngineValve.invoke(StandardEngineValve.java:74)
	at org.apache.catalina.connector.CoyoteAdapter.service(CoyoteAdapter.java:343)
	at org.apache.coyote.http11.Http11Processor.service(Http11Processor.java:367)
	at org.apache.coyote.AbstractProcessorLight.process(AbstractProcessorLight.java:65)
	at org.apache.coyote.AbstractProtocol$ConnectionHandler.process(AbstractProtocol.java:860)
	at org.apache.tomcat.util.net.NioEndpoint$SocketProcessor.doRun(NioEndpoint.java:1591)
	at org.apache.tomcat.util.net.SocketProcessorBase.run(SocketProcessorBase.java:49)
	at java.util.concurrent.ThreadPoolExecutor.runWorker(ThreadPoolExecutor.java:1149)
	at java.util.concurrent.ThreadPoolExecutor$Worker.run(ThreadPoolExecutor.java:624)
	at org.apache.tomcat.util.threads.TaskThread$WrappingRunnable.run(TaskThread.java:61)
	at java.lang.Thread.run(Thread.java:748)
2019-12-09 00:33:09,012 INFO org.springframework.boot.StartupInfoLogger [main] Starting RetailerApplicationTests on bzimba004.local with PID 36312 (started by Manjunath in /Users/Manjunath/Demo Pgms/retailer)
2019-12-09 00:33:09,016 DEBUG org.springframework.boot.StartupInfoLogger [main] Running with Spring Boot v2.2.2.RELEASE, Spring v5.2.2.RELEASE
2019-12-09 00:33:09,020 INFO org.springframework.boot.SpringApplication [main] No active profile set, falling back to default profiles: default
2019-12-09 00:33:18,204 INFO org.springframework.boot.StartupInfoLogger [main] Started RetailerApplicationTests in 10.852 seconds (JVM running for 13.468)
2019-12-09 00:33:54,555 INFO org.springframework.boot.StartupInfoLogger [main] Starting RetailerApplication on bzimba004.local with PID 36351 (started by Manjunath in /Users/Manjunath/Demo Pgms/retailer)
2019-12-09 00:33:54,568 DEBUG org.springframework.boot.StartupInfoLogger [main] Running with Spring Boot v2.2.2.RELEASE, Spring v5.2.2.RELEASE
2019-12-09 00:33:54,569 INFO org.springframework.boot.SpringApplication [main] No active profile set, falling back to default profiles: default
2019-12-09 00:34:02,616 INFO org.springframework.boot.StartupInfoLogger [main] Started RetailerApplication in 10.318 seconds (JVM running for 12.448)
2019-12-09 00:34:02,621 DEBUG com.retailer.RetailerApplication [main] <--RetailerApplication Application Started-->
2019-12-09 00:35:25,058 INFO org.springframework.boot.StartupInfoLogger [main] Starting RetailerApplication on bzimba004.local with PID 36550 (started by Manjunath in /Users/Manjunath/Demo Pgms/retailer)
2019-12-09 00:35:25,071 DEBUG org.springframework.boot.StartupInfoLogger [main] Running with Spring Boot v2.2.2.RELEASE, Spring v5.2.2.RELEASE
2019-12-09 00:35:25,078 INFO org.springframework.boot.SpringApplication [main] No active profile set, falling back to default profiles: default
2019-12-09 00:35:35,094 INFO org.springframework.boot.StartupInfoLogger [main] Started RetailerApplication in 11.582 seconds (JVM running for 13.632)
2019-12-09 00:35:35,104 DEBUG com.retailer.RetailerApplication [main] <--RetailerApplication Application Started-->
2019-12-09 00:36:49,068 INFO org.springframework.boot.StartupInfoLogger [main] Starting RetailerApplicationTests on bzimba004.local with PID 36692 (started by Manjunath in /Users/Manjunath/Demo Pgms/retailer)
2019-12-09 00:36:49,073 DEBUG org.springframework.boot.StartupInfoLogger [main] Running with Spring Boot v2.2.2.RELEASE, Spring v5.2.2.RELEASE
2019-12-09 00:36:49,074 INFO org.springframework.boot.SpringApplication [main] No active profile set, falling back to default profiles: default
2019-12-09 00:36:57,301 INFO org.springframework.boot.StartupInfoLogger [main] Started RetailerApplicationTests in 8.926 seconds (JVM running for 12.135)
2019-12-09 00:37:19,969 INFO org.springframework.boot.StartupInfoLogger [main] Starting RetailerApplication on bzimba004.local with PID 36762 (started by Manjunath in /Users/Manjunath/Demo Pgms/retailer)
2019-12-09 00:37:19,988 DEBUG org.springframework.boot.StartupInfoLogger [main] Running with Spring Boot v2.2.2.RELEASE, Spring v5.2.2.RELEASE
2019-12-09 00:37:19,991 INFO org.springframework.boot.SpringApplication [main] No active profile set, falling back to default profiles: default
2019-12-09 00:37:29,059 INFO org.springframework.boot.StartupInfoLogger [main] Started RetailerApplication in 11.641 seconds (JVM running for 13.471)
2019-12-09 00:37:29,062 DEBUG com.retailer.RetailerApplication [main] <--RetailerApplication Application Started-->
2019-12-09 00:38:28,390 INFO org.springframework.boot.StartupInfoLogger [main] Starting RetailerApplicationTests on bzimba004.local with PID 36913 (started by Manjunath in /Users/Manjunath/Demo Pgms/retailer)
2019-12-09 00:38:28,394 DEBUG org.springframework.boot.StartupInfoLogger [main] Running with Spring Boot v2.2.2.RELEASE, Spring v5.2.2.RELEASE
2019-12-09 00:38:28,395 INFO org.springframework.boot.SpringApplication [main] No active profile set, falling back to default profiles: default
2019-12-09 00:38:38,966 INFO org.springframework.boot.StartupInfoLogger [main] Started RetailerApplicationTests in 13.12 seconds (JVM running for 17.065)
2019-12-09 00:39:04,844 INFO org.springframework.boot.StartupInfoLogger [main] Starting RetailerApplication on bzimba004.local with PID 36989 (started by Manjunath in /Users/Manjunath/Demo Pgms/retailer)
2019-12-09 00:39:04,853 DEBUG org.springframework.boot.StartupInfoLogger [main] Running with Spring Boot v2.2.2.RELEASE, Spring v5.2.2.RELEASE
2019-12-09 00:39:04,855 INFO org.springframework.boot.SpringApplication [main] No active profile set, falling back to default profiles: default
2019-12-09 00:39:13,233 INFO org.springframework.boot.StartupInfoLogger [main] Started RetailerApplication in 9.707 seconds (JVM running for 11.903)
2019-12-09 00:39:13,239 DEBUG com.retailer.RetailerApplication [main] <--RetailerApplication Application Started-->
2019-12-09 00:44:02,019 INFO org.springframework.boot.StartupInfoLogger [main] Starting RetailerApplication on bzimba004.local with PID 37596 (started by Manjunath in /Users/Manjunath/Demo Pgms/retailer)
2019-12-09 00:44:02,029 DEBUG org.springframework.boot.StartupInfoLogger [main] Running with Spring Boot v2.2.2.RELEASE, Spring v5.2.2.RELEASE
2019-12-09 00:44:02,037 INFO org.springframework.boot.SpringApplication [main] No active profile set, falling back to default profiles: default
2019-12-09 00:44:11,269 INFO org.springframework.boot.StartupInfoLogger [main] Started RetailerApplication in 11.34 seconds (JVM running for 13.171)
2019-12-09 00:44:11,319 DEBUG com.retailer.RetailerApplication [main] <--RetailerApplication Application Started-->
2019-12-09 00:47:41,829 INFO org.springframework.boot.StartupInfoLogger [main] Starting RetailerApplication on bzimba004.local with PID 38041 (started by Manjunath in /Users/Manjunath/Demo Pgms/retailer)
2019-12-09 00:47:41,841 DEBUG org.springframework.boot.StartupInfoLogger [main] Running with Spring Boot v2.2.2.RELEASE, Spring v5.2.2.RELEASE
2019-12-09 00:47:41,843 INFO org.springframework.boot.SpringApplication [main] No active profile set, falling back to default profiles: default
2019-12-09 00:47:53,908 INFO org.springframework.boot.StartupInfoLogger [main] Started RetailerApplication in 13.843 seconds (JVM running for 15.698)
2019-12-09 00:47:53,923 DEBUG com.retailer.RetailerApplication [main] <--RetailerApplication Application Started-->
2019-12-09 00:48:54,867 INFO org.springframework.boot.StartupInfoLogger [main] Starting RetailerApplication on bzimba004.local with PID 38173 (started by Manjunath in /Users/Manjunath/Demo Pgms/retailer)
2019-12-09 00:48:54,879 DEBUG org.springframework.boot.StartupInfoLogger [main] Running with Spring Boot v2.2.2.RELEASE, Spring v5.2.2.RELEASE
2019-12-09 00:48:54,882 INFO org.springframework.boot.SpringApplication [main] No active profile set, falling back to default profiles: default
2019-12-09 00:49:01,772 INFO org.springframework.boot.StartupInfoLogger [main] Started RetailerApplication in 8.534 seconds (JVM running for 10.385)
2019-12-09 00:49:01,778 DEBUG com.retailer.RetailerApplication [main] <--RetailerApplication Application Started-->
2019-12-09 00:52:02,720 INFO org.springframework.boot.StartupInfoLogger [main] Starting RetailerApplication on bzimba004.local with PID 38547 (started by Manjunath in /Users/Manjunath/Demo Pgms/retailer)
2019-12-09 00:52:02,731 DEBUG org.springframework.boot.StartupInfoLogger [main] Running with Spring Boot v2.2.2.RELEASE, Spring v5.2.2.RELEASE
2019-12-09 00:52:02,735 INFO org.springframework.boot.SpringApplication [main] No active profile set, falling back to default profiles: default
2019-12-09 00:52:12,897 INFO org.springframework.boot.StartupInfoLogger [main] Started RetailerApplication in 11.812 seconds (JVM running for 14.485)
2019-12-09 00:52:12,905 DEBUG com.retailer.RetailerApplication [main] <--RetailerApplication Application Started-->
2019-12-09 00:53:11,692 DEBUG org.hibernate.validator.messageinterpolation.ResourceBundleMessageInterpolator [background-preinit] Loaded expression factory via original TCCL
2019-12-09 00:53:12,108 INFO org.springframework.boot.StartupInfoLogger [main] Starting RetailerApplication on bzimba004.local with PID 38659 (started by Manjunath in /Users/Manjunath/Demo Pgms/retailer)
2019-12-09 00:53:12,112 DEBUG org.springframework.boot.StartupInfoLogger [main] Running with Spring Boot v2.2.2.RELEASE, Spring v5.2.2.RELEASE
2019-12-09 00:53:12,114 INFO org.springframework.boot.SpringApplication [main] No active profile set, falling back to default profiles: default
2019-12-09 00:53:18,649 INFO org.springframework.boot.StartupInfoLogger [main] Started RetailerApplication in 7.978 seconds (JVM running for 9.566)
2019-12-09 00:53:18,653 DEBUG com.retailer.RetailerApplication [main] <--RetailerApplication Application Started-->
2019-12-09 00:56:10,557 INFO org.springframework.boot.StartupInfoLogger [main] Starting RetailerApplication on bzimba004.local with PID 39053 (started by Manjunath in /Users/Manjunath/Demo Pgms/retailer)
2019-12-09 00:56:10,566 DEBUG org.springframework.boot.StartupInfoLogger [main] Running with Spring Boot v2.2.2.RELEASE, Spring v5.2.2.RELEASE
2019-12-09 00:56:10,567 INFO org.springframework.boot.SpringApplication [main] No active profile set, falling back to default profiles: default
2019-12-09 00:56:19,799 INFO org.springframework.boot.StartupInfoLogger [main] Started RetailerApplication in 10.516 seconds (JVM running for 12.512)
2019-12-09 00:56:19,822 DEBUG com.retailer.RetailerApplication [main] <--RetailerApplication Application Started-->
2019-12-09 01:00:13,214 INFO org.springframework.boot.StartupInfoLogger [main] Starting RetailerApplication on bzimba004.local with PID 39524 (started by Manjunath in /Users/Manjunath/Demo Pgms/retailer)
2019-12-09 01:00:13,224 DEBUG org.springframework.boot.StartupInfoLogger [main] Running with Spring Boot v2.2.2.RELEASE, Spring v5.2.2.RELEASE
2019-12-09 01:00:13,225 INFO org.springframework.boot.SpringApplication [main] No active profile set, falling back to default profiles: default
2019-12-09 01:00:21,733 INFO org.springframework.boot.StartupInfoLogger [main] Started RetailerApplication in 10.889 seconds (JVM running for 13.534)
2019-12-09 01:00:21,740 DEBUG com.retailer.RetailerApplication [main] <--RetailerApplication Application Started-->
2019-12-09 01:01:16,110 INFO org.springframework.boot.StartupInfoLogger [main] Starting RetailerApplicationTests on bzimba004.local with PID 39581 (started by Manjunath in /Users/Manjunath/Demo Pgms/retailer)
2019-12-09 01:01:16,117 DEBUG org.springframework.boot.StartupInfoLogger [main] Running with Spring Boot v2.2.2.RELEASE, Spring v5.2.2.RELEASE
2019-12-09 01:01:16,120 INFO org.springframework.boot.SpringApplication [main] No active profile set, falling back to default profiles: default
2019-12-09 01:01:28,203 INFO org.springframework.boot.StartupInfoLogger [main] Started RetailerApplicationTests in 12.979 seconds (JVM running for 15.198)
